2021-03-07 23:37:03.397 [main] INFO  c.l.c.LocalizationControllerTest - Starting LocalizationControllerTest using Java 1.8.0_282 on DESKTOP-R9KTEH9 with PID 6536 (started by achil in C:\Users\achil\IdeaProjects\localization)
2021-03-07 23:37:03.400 [main] INFO  c.l.c.LocalizationControllerTest - No active profile set, falling back to default profiles: default
2021-03-07 23:37:04.182 [main] INFO  o.s.d.r.c.RepositoryConfigurationDelegate - Bootstrapping Spring Data JPA repositories in DEFAULT mode.
2021-03-07 23:37:04.272 [main] INFO  o.s.d.r.c.RepositoryConfigurationDelegate - Finished Spring Data repository scanning in 78 ms. Found 1 JPA repository interfaces.
2021-03-07 23:37:04.795 [main] INFO  com.zaxxer.hikari.HikariDataSource - HikariPool-1 - Starting...
2021-03-07 23:37:04.932 [main] INFO  com.zaxxer.hikari.HikariDataSource - HikariPool-1 - Start completed.
2021-03-07 23:37:07.242 [main] INFO  l.lockservice.StandardLockService - Successfully acquired change log lock
2021-03-07 23:37:08.304 [main] INFO  l.c.StandardChangeLogHistoryService - Reading from public.databasechangelog
2021-03-07 23:37:08.325 [main] INFO  l.lockservice.StandardLockService - Successfully released change log lock
2021-03-07 23:37:08.484 [main] INFO  o.h.jpa.internal.util.LogHelper - HHH000204: Processing PersistenceUnitInfo [name: default]
2021-03-07 23:37:08.554 [main] INFO  org.hibernate.Version - HHH000412: Hibernate ORM core version 5.4.28.Final
2021-03-07 23:37:08.757 [main] INFO  o.h.annotations.common.Version - HCANN000001: Hibernate Commons Annotations {5.1.2.Final}
2021-03-07 23:37:09.188 [main] INFO  org.hibernate.dialect.Dialect - HHH000400: Using dialect: org.hibernate.dialect.PostgreSQL95Dialect
2021-03-07 23:37:09.688 [main] INFO  o.h.e.t.j.p.i.JtaPlatformInitiator - HHH000490: Using JtaPlatform implementation: [org.hibernate.engine.transaction.jta.platform.internal.NoJtaPlatform]
2021-03-07 23:37:09.699 [main] INFO  o.s.o.j.LocalContainerEntityManagerFactoryBean - Initialized JPA EntityManagerFactory for persistence unit 'default'
2021-03-07 23:37:10.773 [main] WARN  o.s.b.a.o.j.JpaBaseConfiguration$JpaWebConfiguration - spring.jpa.open-in-view is enabled by default. Therefore, database queries may be performed during view rendering. Explicitly configure spring.jpa.open-in-view to disable this warning
2021-03-07 23:37:11.007 [main] INFO  o.s.s.c.ThreadPoolTaskExecutor - Initializing ExecutorService 'applicationTaskExecutor'
2021-03-07 23:37:11.448 [main] INFO  o.s.b.t.m.w.SpringBootMockServletContext - Initializing Spring TestDispatcherServlet ''
2021-03-07 23:37:11.448 [main] INFO  o.s.t.w.s.TestDispatcherServlet - Initializing Servlet ''
2021-03-07 23:37:11.450 [main] INFO  o.s.t.w.s.TestDispatcherServlet - Completed initialization in 2 ms
2021-03-07 23:37:11.470 [main] INFO  c.l.c.LocalizationControllerTest - Started LocalizationControllerTest in 8.756 seconds (JVM running for 9.777)
2021-03-07 23:37:11.891 [main] INFO  o.s.b.t.c.SpringBootTestContextBootstrapper - Neither @ContextConfiguration nor @ContextHierarchy found for test class [com.localization.LocalizationApplicationTests], using SpringBootContextLoader
2021-03-07 23:37:11.892 [main] INFO  o.s.t.c.s.AbstractContextLoader - Could not detect default resource locations for test class [com.localization.LocalizationApplicationTests]: no resource found for suffixes {-context.xml, Context.groovy}.
2021-03-07 23:37:11.892 [main] INFO  o.s.t.c.s.AnnotationConfigContextLoaderUtils - Could not detect default configuration classes for test class [com.localization.LocalizationApplicationTests]: LocalizationApplicationTests does not declare any static, non-private, non-final, nested classes annotated with @Configuration.
2021-03-07 23:37:11.900 [main] INFO  o.s.b.t.c.SpringBootTestContextBootstrapper - Found @SpringBootConfiguration com.localization.LocalizationApplication for test class com.localization.LocalizationApplicationTests
2021-03-07 23:37:11.903 [main] INFO  o.s.b.t.c.SpringBootTestContextBootstrapper - Loaded default TestExecutionListener class names from location [META-INF/spring.factories]: [org.springframework.boot.test.mock.mockito.MockitoTestExecutionListener, org.springframework.boot.test.mock.mockito.ResetMocksTestExecutionListener, org.springframework.boot.test.autoconfigure.restdocs.RestDocsTestExecutionListener, org.springframework.boot.test.autoconfigure.web.client.MockRestServiceServerResetTestExecutionListener, org.springframework.boot.test.autoconfigure.web.servlet.MockMvcPrintOnlyOnFailureTestExecutionListener, org.springframework.boot.test.autoconfigure.web.servlet.WebDriverTestExecutionListener, org.springframework.boot.test.autoconfigure.webservices.client.MockWebServiceServerTestExecutionListener, org.springframework.test.context.web.ServletTestExecutionListener, org.springframework.test.context.support.DirtiesContextBeforeModesTestExecutionListener, org.springframework.test.context.event.ApplicationEventsTestExecutionListener, org.springframework.test.context.support.DependencyInjectionTestExecutionListener, org.springframework.test.context.support.DirtiesContextTestExecutionListener, org.springframework.test.context.transaction.TransactionalTestExecutionListener, org.springframework.test.context.jdbc.SqlScriptsTestExecutionListener, org.springframework.test.context.event.EventPublishingTestExecutionListener]
2021-03-07 23:37:11.904 [main] INFO  o.s.b.t.c.SpringBootTestContextBootstrapper - Using TestExecutionListeners: [org.springframework.test.context.web.ServletTestExecutionListener@7b23aea2, org.springframework.test.context.support.DirtiesContextBeforeModesTestExecutionListener@3fecdd00, org.springframework.test.context.event.ApplicationEventsTestExecutionListener@5562f297, org.springframework.boot.test.mock.mockito.MockitoTestExecutionListener@64c1a76e, org.springframework.boot.test.autoconfigure.SpringBootDependencyInjectionTestExecutionListener@2f143ea, org.springframework.test.context.support.DirtiesContextTestExecutionListener@5b2c9a69, org.springframework.test.context.transaction.TransactionalTestExecutionListener@19983dd1, org.springframework.test.context.jdbc.SqlScriptsTestExecutionListener@700b035b, org.springframework.test.context.event.EventPublishingTestExecutionListener@786de0a3, org.springframework.boot.test.mock.mockito.ResetMocksTestExecutionListener@472dc215, org.springframework.boot.test.autoconfigure.restdocs.RestDocsTestExecutionListener@1f031994, org.springframework.boot.test.autoconfigure.web.client.MockRestServiceServerResetTestExecutionListener@37bac0f4, org.springframework.boot.test.autoconfigure.web.servlet.MockMvcPrintOnlyOnFailureTestExecutionListener@20c55658, org.springframework.boot.test.autoconfigure.web.servlet.WebDriverTestExecutionListener@951053f, org.springframework.boot.test.autoconfigure.webservices.client.MockWebServiceServerTestExecutionListener@e196238]
2021-03-07 23:37:11.987 [main] INFO  c.l.LocalizationApplicationTests - Starting LocalizationApplicationTests using Java 1.8.0_282 on DESKTOP-R9KTEH9 with PID 6536 (started by achil in C:\Users\achil\IdeaProjects\localization)
2021-03-07 23:37:11.990 [main] INFO  c.l.LocalizationApplicationTests - No active profile set, falling back to default profiles: default
2021-03-07 23:37:12.326 [main] INFO  o.s.d.r.c.RepositoryConfigurationDelegate - Bootstrapping Spring Data JPA repositories in DEFAULT mode.
2021-03-07 23:37:12.354 [main] INFO  o.s.d.r.c.RepositoryConfigurationDelegate - Finished Spring Data repository scanning in 26 ms. Found 1 JPA repository interfaces.
2021-03-07 23:37:12.530 [main] INFO  com.zaxxer.hikari.HikariDataSource - HikariPool-2 - Starting...
2021-03-07 23:37:12.584 [main] INFO  com.zaxxer.hikari.HikariDataSource - HikariPool-2 - Start completed.
2021-03-07 23:37:14.021 [main] INFO  l.lockservice.StandardLockService - Successfully acquired change log lock
2021-03-07 23:37:14.315 [main] INFO  l.c.StandardChangeLogHistoryService - Reading from public.databasechangelog
2021-03-07 23:37:14.322 [main] INFO  l.lockservice.StandardLockService - Successfully released change log lock
2021-03-07 23:37:14.366 [main] INFO  o.h.jpa.internal.util.LogHelper - HHH000204: Processing PersistenceUnitInfo [name: default]
2021-03-07 23:37:14.374 [main] INFO  org.hibernate.dialect.Dialect - HHH000400: Using dialect: org.hibernate.dialect.PostgreSQL95Dialect
2021-03-07 23:37:14.404 [main] INFO  o.h.e.t.j.p.i.JtaPlatformInitiator - HHH000490: Using JtaPlatform implementation: [org.hibernate.engine.transaction.jta.platform.internal.NoJtaPlatform]
2021-03-07 23:37:14.405 [main] INFO  o.s.o.j.LocalContainerEntityManagerFactoryBean - Initialized JPA EntityManagerFactory for persistence unit 'default'
2021-03-07 23:37:14.752 [main] WARN  o.s.b.a.o.j.JpaBaseConfiguration$JpaWebConfiguration - spring.jpa.open-in-view is enabled by default. Therefore, database queries may be performed during view rendering. Explicitly configure spring.jpa.open-in-view to disable this warning
2021-03-07 23:37:14.854 [main] INFO  o.s.s.c.ThreadPoolTaskExecutor - Initializing ExecutorService 'applicationTaskExecutor'
2021-03-07 23:37:15.061 [main] INFO  c.l.LocalizationApplicationTests - Started LocalizationApplicationTests in 3.153 seconds (JVM running for 13.368)
2021-03-07 23:37:15.070 [main] INFO  o.s.b.t.c.SpringBootTestContextBootstrapper - Neither @ContextConfiguration nor @ContextHierarchy found for test class [com.localization.service.impl.LocalizationServiceImplTest], using SpringBootContextLoader
2021-03-07 23:37:15.071 [main] INFO  o.s.t.c.s.AbstractContextLoader - Could not detect default resource locations for test class [com.localization.service.impl.LocalizationServiceImplTest]: no resource found for suffixes {-context.xml, Context.groovy}.
2021-03-07 23:37:15.071 [main] INFO  o.s.t.c.s.AnnotationConfigContextLoaderUtils - Could not detect default configuration classes for test class [com.localization.service.impl.LocalizationServiceImplTest]: LocalizationServiceImplTest does not declare any static, non-private, non-final, nested classes annotated with @Configuration.
2021-03-07 23:37:15.083 [main] INFO  o.s.b.t.c.SpringBootTestContextBootstrapper - Found @SpringBootConfiguration com.localization.LocalizationApplication for test class com.localization.service.impl.LocalizationServiceImplTest
2021-03-07 23:37:15.085 [main] INFO  o.s.b.t.c.SpringBootTestContextBootstrapper - Loaded default TestExecutionListener class names from location [META-INF/spring.factories]: [org.springframework.boot.test.mock.mockito.MockitoTestExecutionListener, org.springframework.boot.test.mock.mockito.ResetMocksTestExecutionListener, org.springframework.boot.test.autoconfigure.restdocs.RestDocsTestExecutionListener, org.springframework.boot.test.autoconfigure.web.client.MockRestServiceServerResetTestExecutionListener, org.springframework.boot.test.autoconfigure.web.servlet.MockMvcPrintOnlyOnFailureTestExecutionListener, org.springframework.boot.test.autoconfigure.web.servlet.WebDriverTestExecutionListener, org.springframework.boot.test.autoconfigure.webservices.client.MockWebServiceServerTestExecutionListener, org.springframework.test.context.web.ServletTestExecutionListener, org.springframework.test.context.support.DirtiesContextBeforeModesTestExecutionListener, org.springframework.test.context.event.ApplicationEventsTestExecutionListener, org.springframework.test.context.support.DependencyInjectionTestExecutionListener, org.springframework.test.context.support.DirtiesContextTestExecutionListener, org.springframework.test.context.transaction.TransactionalTestExecutionListener, org.springframework.test.context.jdbc.SqlScriptsTestExecutionListener, org.springframework.test.context.event.EventPublishingTestExecutionListener]
2021-03-07 23:37:15.085 [main] INFO  o.s.b.t.c.SpringBootTestContextBootstrapper - Using TestExecutionListeners: [org.springframework.test.context.web.ServletTestExecutionListener@5ddd3fbd, org.springframework.test.context.support.DirtiesContextBeforeModesTestExecutionListener@57ae3c0e, org.springframework.test.context.event.ApplicationEventsTestExecutionListener@43e6bcfd, org.springframework.boot.test.mock.mockito.MockitoTestExecutionListener@361d56a3, org.springframework.boot.test.autoconfigure.SpringBootDependencyInjectionTestExecutionListener@289a70a, org.springframework.test.context.support.DirtiesContextTestExecutionListener@2461b519, org.springframework.test.context.transaction.TransactionalTestExecutionListener@5216e43c, org.springframework.test.context.jdbc.SqlScriptsTestExecutionListener@e620893, org.springframework.test.context.event.EventPublishingTestExecutionListener@411c5fa2, org.springframework.boot.test.mock.mockito.ResetMocksTestExecutionListener@68fce3e5, org.springframework.boot.test.autoconfigure.restdocs.RestDocsTestExecutionListener@d2eddc2, org.springframework.boot.test.autoconfigure.web.client.MockRestServiceServerResetTestExecutionListener@13967a64, org.springframework.boot.test.autoconfigure.web.servlet.MockMvcPrintOnlyOnFailureTestExecutionListener@30d4d6fb, org.springframework.boot.test.autoconfigure.web.servlet.WebDriverTestExecutionListener@3fb8e8cf, org.springframework.boot.test.autoconfigure.webservices.client.MockWebServiceServerTestExecutionListener@4483e237]
2021-03-07 23:37:15.267 [SpringContextShutdownHook] INFO  o.s.s.c.ThreadPoolTaskExecutor - Shutting down ExecutorService 'applicationTaskExecutor'
2021-03-07 23:37:15.268 [SpringContextShutdownHook] INFO  o.s.s.c.ThreadPoolTaskExecutor - Shutting down ExecutorService 'applicationTaskExecutor'
2021-03-07 23:37:15.268 [SpringContextShutdownHook] INFO  o.s.o.j.LocalContainerEntityManagerFactoryBean - Closing JPA EntityManagerFactory for persistence unit 'default'
2021-03-07 23:37:15.268 [SpringContextShutdownHook] INFO  o.s.o.j.LocalContainerEntityManagerFactoryBean - Closing JPA EntityManagerFactory for persistence unit 'default'
2021-03-07 23:37:15.270 [SpringContextShutdownHook] INFO  com.zaxxer.hikari.HikariDataSource - HikariPool-1 - Shutdown initiated...
2021-03-07 23:37:15.270 [SpringContextShutdownHook] INFO  com.zaxxer.hikari.HikariDataSource - HikariPool-2 - Shutdown initiated...
2021-03-07 23:37:15.281 [SpringContextShutdownHook] INFO  com.zaxxer.hikari.HikariDataSource - HikariPool-1 - Shutdown completed.
2021-03-07 23:37:15.281 [SpringContextShutdownHook] INFO  com.zaxxer.hikari.HikariDataSource - HikariPool-2 - Shutdown completed.
